<?xml version="1.0" encoding="UTF-8"?>
<testsuite name="com.example.mad_toodle.ExampleUnitTest" tests="1" skipped="0" failures="0" errors="0" timestamp="2025-05-04T21:03:56" hostname="LAPTOP-SR6MQB4P" time="0.006">
  <properties/>
  <testcase name="addition_isCorrect" classname="com.example.mad_toodle.ExampleUnitTest" time="0.006"/>
  <system-out><![CDATA[]]></system-out>
  <system-err><![CDATA[]]></system-err>
</testsuite>
